<?xml version="1.0" encoding="UTF-8"?>
<!-- Generated by org.testng.reporters.JUnitReportReporter -->
<testsuite hostname="DESKTOP-19Q3ESI" failures="0" tests="3" name="com.lnw.assessment.test.ITSuiteRunner" time="2.049" errors="0" timestamp="2024-03-21T20:03:56 IST" skipped="0">
  <testcase classname="com.lnw.assessment.test.ITSuiteRunner" name="runScenario" time="0.101"/>
  <system-out/>
  <testcase classname="com.lnw.assessment.test.ITSuiteRunner" name="runScenario" time="1.855"/>
  <system-out/>
  <testcase classname="com.lnw.assessment.test.ITSuiteRunner" name="runScenario" time="0.093"/>
  <system-out/>
</testsuite> <!-- com.lnw.assessment.test.ITSuiteRunner -->
